This file contains any messages produced by compilers while
running configure, to aid debugging if configure makes a mistake.

It was created by DiagHam configure 0.01, which was
generated by GNU Autoconf 2.69.  Invocation command line was

  $ ./configure CXXFLAGS=-O3 -Wall -I/opt/local/include -I/opt/local/Library/Frameworks/Python.framework/Headers -I/usr/include LDFLAGS=-L/opt/local/lib -L/opt/local/Library/Frameworks/Python.framework/Versions/3.5/lib -flat_namespace -force_flat_namespace -lstdc++ -lboost_python3-mt -lpython3.5 -v --enable-lapack --with-blas-libs=-lopenblas -lgslcblas --with-lapack-libs=-llapack -lf2c --enable-fqhe --enable-fti CXX=clang++

## --------- ##
## Platform. ##
## --------- ##

hostname = allatar.local
uname -m = x86_64
uname -r = 17.6.0
uname -s = Darwin
uname -v = Darwin Kernel Version 17.6.0: Tue May  8 15:22:16 PDT 2018; root:xnu-4570.61.1~1/RELEASE_X86_64

/usr/bin/uname -p = i386
/bin/uname -X     = unknown

/bin/arch              = unknown
/usr/bin/arch -k       = unknown
/usr/convex/getsysinfo = unknown
/usr/bin/hostinfo      = Mach kernel version:
	 Darwin Kernel Version 17.6.0: Tue May  8 15:22:16 PDT 2018; root:xnu-4570.61.1~1/RELEASE_X86_64
Kernel configured for up to 4 processors.
2 processors are physically available.
4 processors are logically available.
Processor type: i486 (Intel 80486)
Processors active: 0 1 2 3
Primary memory available: 8.00 gigabytes
Default processor set: 369 tasks, 1693 threads, 4 processors
Load average: 2.12, Mach factor: 2.04
/bin/machine           = unknown
/usr/bin/oslevel       = unknown
/bin/universe          = unknown

PATH: /usr/bin
PATH: /usr/bin
PATH: /opt/local/bin
PATH: /usr/bin
PATH: /opt/local/bin
PATH: /opt/local/sbin
PATH: /opt/local/bin
PATH: /opt/local/sbin
PATH: /opt/local/bin
PATH: /opt/local/sbin
PATH: //anaconda/bin
PATH: /usr/local/bin
PATH: /usr/bin
PATH: /bin
PATH: /usr/sbin
PATH: /sbin
PATH: /Library/TeX/texbin
PATH: /opt/X11/bin


## ----------- ##
## Core tests. ##
## ----------- ##

configure:2449: checking for a BSD-compatible install
configure:2517: result: /usr/bin/install -c
configure:2528: checking whether build environment is sane
configure:2583: result: yes
configure:2621: WARNING: 'missing' script is too old or missing
configure:2734: checking for a thread-safe mkdir -p
configure:2773: result: /opt/local/bin/gmkdir -p
configure:2780: checking for gawk
configure:2796: found /opt/local/bin/gawk
configure:2807: result: gawk
configure:2818: checking whether make sets $(MAKE)
configure:2840: result: yes
configure:2869: checking whether make supports nested variables
configure:2886: result: yes
configure:3064: checking for gcc
configure:3080: found /usr/bin/gcc
configure:3091: result: gcc
configure:3320: checking for C compiler version
configure:3329: gcc --version >&5
Apple LLVM version 9.1.0 (clang-902.0.39.2)
Target: x86_64-apple-darwin17.6.0
Thread model: posix
InstalledDir: /Applications/Xcode.app/Contents/Developer/Toolchains/XcodeDefault.xctoolchain/usr/bin
Configured with: --prefix=/Applications/Xcode.app/Contents/Developer/usr --with-gxx-include-dir=/usr/include/c++/4.2.1
configure:3340: $? = 0
configure:3329: gcc -v >&5
Configured with: --prefix=/Applications/Xcode.app/Contents/Developer/usr --with-gxx-include-dir=/usr/include/c++/4.2.1
Apple LLVM version 9.1.0 (clang-902.0.39.2)
Target: x86_64-apple-darwin17.6.0
Thread model: posix
InstalledDir: /Applications/Xcode.app/Contents/Developer/Toolchains/XcodeDefault.xctoolchain/usr/bin
configure:3340: $? = 0
configure:3329: gcc -V >&5
clang: error: argument to '-V' is missing (expected 1 value)
clang: error: no input files
configure:3340: $? = 1
configure:3329: gcc -qversion >&5
clang: error: unknown argument: '-qversion'
clang: error: no input files
configure:3340: $? = 1
configure:3360: checking whether the C compiler works
configure:3382: gcc   -L/opt/local/lib -L/opt/local/Library/Frameworks/Python.framework/Versions/3.5/lib -flat_namespace -force_flat_namespace -lstdc++ -lboost_python3-mt -lpython3.5 -v conftest.c  >&5
Apple LLVM version 9.1.0 (clang-902.0.39.2)
Target: x86_64-apple-darwin17.6.0
Thread model: posix
InstalledDir: /Applications/Xcode.app/Contents/Developer/Toolchains/XcodeDefault.xctoolchain/usr/bin
 "/Applications/Xcode.app/Contents/Developer/Toolchains/XcodeDefault.xctoolchain/usr/bin/clang" -cc1 -triple x86_64-apple-macosx10.13.0 -Wdeprecated-objc-isa-usage -Werror=deprecated-objc-isa-usage -emit-obj -mrelax-all -disable-free -disable-llvm-verifier -discard-value-names -main-file-name conftest.c -mrelocation-model pic -pic-level 2 -mthread-model posix -mdisable-fp-elim -fno-strict-return -masm-verbose -munwind-tables -target-cpu penryn -target-linker-version 351.8 -v -dwarf-column-info -debugger-tuning=lldb -resource-dir /Applications/Xcode.app/Contents/Developer/Toolchains/XcodeDefault.xctoolchain/usr/lib/clang/9.1.0 -fdebug-compilation-dir /Users/dbauer/Physics/DiagHam -ferror-limit 19 -fmessage-length 0 -stack-protector 1 -fblocks -fobjc-runtime=macosx-10.13.0 -fencode-extended-block-signature -fmax-type-align=16 -fdiagnostics-show-option -o /var/folders/99/h2y6qwy16wz265420jwgcp1m0000gn/T/conftest-0dfe32.o -x c conftest.c
clang -cc1 version 9.1.0 (clang-902.0.39.2) default target x86_64-apple-darwin17.6.0
#include "..." search starts here:
#include <...> search starts here:
 /usr/local/include
 /Applications/Xcode.app/Contents/Developer/Toolchains/XcodeDefault.xctoolchain/usr/lib/clang/9.1.0/include
 /Applications/Xcode.app/Contents/Developer/Toolchains/XcodeDefault.xctoolchain/usr/include
 /usr/include
 /System/Library/Frameworks (framework directory)
 /Library/Frameworks (framework directory)
End of search list.
 "/Applications/Xcode.app/Contents/Developer/Toolchains/XcodeDefault.xctoolchain/usr/bin/ld" -demangle -lto_library /Applications/Xcode.app/Contents/Developer/Toolchains/XcodeDefault.xctoolchain/usr/lib/libLTO.dylib -no_deduplicate -dynamic -arch x86_64 -force_flat_namespace -flat_namespace -macosx_version_min 10.13.0 -o a.out -L/opt/local/lib -L/opt/local/Library/Frameworks/Python.framework/Versions/3.5/lib -lc++ -lboost_python3-mt -lpython3.5 /var/folders/99/h2y6qwy16wz265420jwgcp1m0000gn/T/conftest-0dfe32.o -lSystem /Applications/Xcode.app/Contents/Developer/Toolchains/XcodeDefault.xctoolchain/usr/lib/clang/9.1.0/lib/darwin/libclang_rt.osx.a
configure:3386: $? = 0
configure:3434: result: yes
configure:3437: checking for C compiler default output file name
configure:3439: result: a.out
configure:3445: checking for suffix of executables
configure:3452: gcc -o conftest   -L/opt/local/lib -L/opt/local/Library/Frameworks/Python.framework/Versions/3.5/lib -flat_namespace -force_flat_namespace -lstdc++ -lboost_python3-mt -lpython3.5 -v conftest.c  >&5
Apple LLVM version 9.1.0 (clang-902.0.39.2)
Target: x86_64-apple-darwin17.6.0
Thread model: posix
InstalledDir: /Applications/Xcode.app/Contents/Developer/Toolchains/XcodeDefault.xctoolchain/usr/bin
 "/Applications/Xcode.app/Contents/Developer/Toolchains/XcodeDefault.xctoolchain/usr/bin/clang" -cc1 -triple x86_64-apple-macosx10.13.0 -Wdeprecated-objc-isa-usage -Werror=deprecated-objc-isa-usage -emit-obj -mrelax-all -disable-free -disable-llvm-verifier -discard-value-names -main-file-name conftest.c -mrelocation-model pic -pic-level 2 -mthread-model posix -mdisable-fp-elim -fno-strict-return -masm-verbose -munwind-tables -target-cpu penryn -target-linker-version 351.8 -v -dwarf-column-info -debugger-tuning=lldb -resource-dir /Applications/Xcode.app/Contents/Developer/Toolchains/XcodeDefault.xctoolchain/usr/lib/clang/9.1.0 -fdebug-compilation-dir /Users/dbauer/Physics/DiagHam -ferror-limit 19 -fmessage-length 0 -stack-protector 1 -fblocks -fobjc-runtime=macosx-10.13.0 -fencode-extended-block-signature -fmax-type-align=16 -fdiagnostics-show-option -o /var/folders/99/h2y6qwy16wz265420jwgcp1m0000gn/T/conftest-ba4b4c.o -x c conftest.c
clang -cc1 version 9.1.0 (clang-902.0.39.2) default target x86_64-apple-darwin17.6.0
#include "..." search starts here:
#include <...> search starts here:
 /usr/local/include
 /Applications/Xcode.app/Contents/Developer/Toolchains/XcodeDefault.xctoolchain/usr/lib/clang/9.1.0/include
 /Applications/Xcode.app/Contents/Developer/Toolchains/XcodeDefault.xctoolchain/usr/include
 /usr/include
 /System/Library/Frameworks (framework directory)
 /Library/Frameworks (framework directory)
End of search list.
 "/Applications/Xcode.app/Contents/Developer/Toolchains/XcodeDefault.xctoolchain/usr/bin/ld" -demangle -lto_library /Applications/Xcode.app/Contents/Developer/Toolchains/XcodeDefault.xctoolchain/usr/lib/libLTO.dylib -no_deduplicate -dynamic -arch x86_64 -force_flat_namespace -flat_namespace -macosx_version_min 10.13.0 -o conftest -L/opt/local/lib -L/opt/local/Library/Frameworks/Python.framework/Versions/3.5/lib -lc++ -lboost_python3-mt -lpython3.5 /var/folders/99/h2y6qwy16wz265420jwgcp1m0000gn/T/conftest-ba4b4c.o -lSystem /Applications/Xcode.app/Contents/Developer/Toolchains/XcodeDefault.xctoolchain/usr/lib/clang/9.1.0/lib/darwin/libclang_rt.osx.a
configure:3456: $? = 0
configure:3478: result: 
configure:3500: checking whether we are cross compiling
configure:3508: gcc -o conftest   -L/opt/local/lib -L/opt/local/Library/Frameworks/Python.framework/Versions/3.5/lib -flat_namespace -force_flat_namespace -lstdc++ -lboost_python3-mt -lpython3.5 -v conftest.c  >&5
Apple LLVM version 9.1.0 (clang-902.0.39.2)
Target: x86_64-apple-darwin17.6.0
Thread model: posix
InstalledDir: /Applications/Xcode.app/Contents/Developer/Toolchains/XcodeDefault.xctoolchain/usr/bin
 "/Applications/Xcode.app/Contents/Developer/Toolchains/XcodeDefault.xctoolchain/usr/bin/clang" -cc1 -triple x86_64-apple-macosx10.13.0 -Wdeprecated-objc-isa-usage -Werror=deprecated-objc-isa-usage -emit-obj -mrelax-all -disable-free -disable-llvm-verifier -discard-value-names -main-file-name conftest.c -mrelocation-model pic -pic-level 2 -mthread-model posix -mdisable-fp-elim -fno-strict-return -masm-verbose -munwind-tables -target-cpu penryn -target-linker-version 351.8 -v -dwarf-column-info -debugger-tuning=lldb -resource-dir /Applications/Xcode.app/Contents/Developer/Toolchains/XcodeDefault.xctoolchain/usr/lib/clang/9.1.0 -fdebug-compilation-dir /Users/dbauer/Physics/DiagHam -ferror-limit 19 -fmessage-length 0 -stack-protector 1 -fblocks -fobjc-runtime=macosx-10.13.0 -fencode-extended-block-signature -fmax-type-align=16 -fdiagnostics-show-option -o /var/folders/99/h2y6qwy16wz265420jwgcp1m0000gn/T/conftest-12625b.o -x c conftest.c
clang -cc1 version 9.1.0 (clang-902.0.39.2) default target x86_64-apple-darwin17.6.0
#include "..." search starts here:
#include <...> search starts here:
 /usr/local/include
 /Applications/Xcode.app/Contents/Developer/Toolchains/XcodeDefault.xctoolchain/usr/lib/clang/9.1.0/include
 /Applications/Xcode.app/Contents/Developer/Toolchains/XcodeDefault.xctoolchain/usr/include
 /usr/include
 /System/Library/Frameworks (framework directory)
 /Library/Frameworks (framework directory)
End of search list.
 "/Applications/Xcode.app/Contents/Developer/Toolchains/XcodeDefault.xctoolchain/usr/bin/ld" -demangle -lto_library /Applications/Xcode.app/Contents/Developer/Toolchains/XcodeDefault.xctoolchain/usr/lib/libLTO.dylib -no_deduplicate -dynamic -arch x86_64 -force_flat_namespace -flat_namespace -macosx_version_min 10.13.0 -o conftest -L/opt/local/lib -L/opt/local/Library/Frameworks/Python.framework/Versions/3.5/lib -lc++ -lboost_python3-mt -lpython3.5 /var/folders/99/h2y6qwy16wz265420jwgcp1m0000gn/T/conftest-12625b.o -lSystem /Applications/Xcode.app/Contents/Developer/Toolchains/XcodeDefault.xctoolchain/usr/lib/clang/9.1.0/lib/darwin/libclang_rt.osx.a
configure:3512: $? = 0
configure:3519: ./conftest
configure:3523: $? = 0
configure:3538: result: no
configure:3543: checking for suffix of object files
configure:3565: gcc -c   conftest.c >&5
configure:3569: $? = 0
configure:3590: result: o
configure:3594: checking whether we are using the GNU C compiler
configure:3613: gcc -c   conftest.c >&5
configure:3613: $? = 0
configure:3622: result: yes
configure:3631: checking whether gcc accepts -g
configure:3651: gcc -c -g  conftest.c >&5
configure:3651: $? = 0
configure:3692: result: yes
configure:3709: checking for gcc option to accept ISO C89
configure:3772: gcc  -c -g -O2  conftest.c >&5
configure:3772: $? = 0
configure:3785: result: none needed
configure:3810: checking whether gcc understands -c and -o together
configure:3832: gcc -c conftest.c -o conftest2.o
configure:3835: $? = 0
configure:3832: gcc -c conftest.c -o conftest2.o
configure:3835: $? = 0
configure:3847: result: yes
configure:3875: checking for style of include used by make
configure:3903: result: GNU
configure:3929: checking dependency style of gcc
configure:4040: result: gcc3
configure:4167: checking for C++ compiler version
configure:4176: clang++ --version >&5
Apple LLVM version 9.1.0 (clang-902.0.39.2)
Target: x86_64-apple-darwin17.6.0
Thread model: posix
InstalledDir: /Applications/Xcode.app/Contents/Developer/Toolchains/XcodeDefault.xctoolchain/usr/bin
configure:4187: $? = 0
configure:4176: clang++ -v >&5
Apple LLVM version 9.1.0 (clang-902.0.39.2)
Target: x86_64-apple-darwin17.6.0
Thread model: posix
InstalledDir: /Applications/Xcode.app/Contents/Developer/Toolchains/XcodeDefault.xctoolchain/usr/bin
configure:4187: $? = 0
configure:4176: clang++ -V >&5
clang: error: argument to '-V' is missing (expected 1 value)
clang: error: no input files
configure:4187: $? = 1
configure:4176: clang++ -qversion >&5
clang: error: unknown argument: '-qversion'
clang: error: no input files
configure:4187: $? = 1
configure:4191: checking whether we are using the GNU C++ compiler
configure:4210: clang++ -c -O3 -Wall -I/opt/local/include -I/opt/local/Library/Frameworks/Python.framework/Headers -I/usr/include  conftest.cpp >&5
configure:4210: $? = 0
configure:4219: result: yes
configure:4228: checking whether clang++ accepts -g
configure:4248: clang++ -c -g  conftest.cpp >&5
configure:4248: $? = 0
configure:4289: result: yes
configure:4314: checking dependency style of clang++
configure:4425: result: gcc3
configure:4483: checking for ranlib
configure:4499: found /usr/bin/ranlib
configure:4510: result: ranlib
configure:4535: checking for cos in -lm
configure:4560: gcc -o conftest -g -O2  -L/opt/local/lib -L/opt/local/Library/Frameworks/Python.framework/Versions/3.5/lib -flat_namespace -force_flat_namespace -lstdc++ -lboost_python3-mt -lpython3.5 -v conftest.c -lm   >&5
Apple LLVM version 9.1.0 (clang-902.0.39.2)
Target: x86_64-apple-darwin17.6.0
Thread model: posix
InstalledDir: /Applications/Xcode.app/Contents/Developer/Toolchains/XcodeDefault.xctoolchain/usr/bin
 "/Applications/Xcode.app/Contents/Developer/Toolchains/XcodeDefault.xctoolchain/usr/bin/clang" -cc1 -triple x86_64-apple-macosx10.13.0 -Wdeprecated-objc-isa-usage -Werror=deprecated-objc-isa-usage -emit-obj -disable-free -disable-llvm-verifier -discard-value-names -main-file-name conftest.c -mrelocation-model pic -pic-level 2 -mthread-model posix -mdisable-fp-elim -fno-strict-return -masm-verbose -munwind-tables -target-cpu penryn -target-linker-version 351.8 -v -dwarf-column-info -debug-info-kind=standalone -dwarf-version=4 -debugger-tuning=lldb -resource-dir /Applications/Xcode.app/Contents/Developer/Toolchains/XcodeDefault.xctoolchain/usr/lib/clang/9.1.0 -O2 -fdebug-compilation-dir /Users/dbauer/Physics/DiagHam -ferror-limit 19 -fmessage-length 0 -stack-protector 1 -fblocks -fobjc-runtime=macosx-10.13.0 -fencode-extended-block-signature -fmax-type-align=16 -fdiagnostics-show-option -vectorize-loops -vectorize-slp -o /var/folders/99/h2y6qwy16wz265420jwgcp1m0000gn/T/conftest-574b16.o -x c conftest.c
clang -cc1 version 9.1.0 (clang-902.0.39.2) default target x86_64-apple-darwin17.6.0
#include "..." search starts here:
#include <...> search starts here:
 /usr/local/include
 /Applications/Xcode.app/Contents/Developer/Toolchains/XcodeDefault.xctoolchain/usr/lib/clang/9.1.0/include
 /Applications/Xcode.app/Contents/Developer/Toolchains/XcodeDefault.xctoolchain/usr/include
 /usr/include
 /System/Library/Frameworks (framework directory)
 /Library/Frameworks (framework directory)
End of search list.
conftest.c:18:6: warning: incompatible redeclaration of library function 'cos' [-Wincompatible-library-redeclaration]
char cos ();
     ^
conftest.c:18:6: note: 'cos' is a builtin with type 'double (double)'
1 warning generated.
 "/Applications/Xcode.app/Contents/Developer/Toolchains/XcodeDefault.xctoolchain/usr/bin/ld" -demangle -lto_library /Applications/Xcode.app/Contents/Developer/Toolchains/XcodeDefault.xctoolchain/usr/lib/libLTO.dylib -dynamic -arch x86_64 -force_flat_namespace -flat_namespace -macosx_version_min 10.13.0 -o conftest -L/opt/local/lib -L/opt/local/Library/Frameworks/Python.framework/Versions/3.5/lib -lc++ -lboost_python3-mt -lpython3.5 /var/folders/99/h2y6qwy16wz265420jwgcp1m0000gn/T/conftest-574b16.o -lm -lSystem /Applications/Xcode.app/Contents/Developer/Toolchains/XcodeDefault.xctoolchain/usr/lib/clang/9.1.0/lib/darwin/libclang_rt.osx.a
 "/Applications/Xcode.app/Contents/Developer/Toolchains/XcodeDefault.xctoolchain/usr/bin/dsymutil" -o conftest.dSYM conftest
configure:4560: $? = 0
configure:4569: result: yes
configure:4578: checking for pthread_create in -lpthread
configure:4603: gcc -o conftest -g -O2  -L/opt/local/lib -L/opt/local/Library/Frameworks/Python.framework/Versions/3.5/lib -flat_namespace -force_flat_namespace -lstdc++ -lboost_python3-mt -lpython3.5 -v conftest.c -lpthread   >&5
Apple LLVM version 9.1.0 (clang-902.0.39.2)
Target: x86_64-apple-darwin17.6.0
Thread model: posix
InstalledDir: /Applications/Xcode.app/Contents/Developer/Toolchains/XcodeDefault.xctoolchain/usr/bin
 "/Applications/Xcode.app/Contents/Developer/Toolchains/XcodeDefault.xctoolchain/usr/bin/clang" -cc1 -triple x86_64-apple-macosx10.13.0 -Wdeprecated-objc-isa-usage -Werror=deprecated-objc-isa-usage -emit-obj -disable-free -disable-llvm-verifier -discard-value-names -main-file-name conftest.c -mrelocation-model pic -pic-level 2 -mthread-model posix -mdisable-fp-elim -fno-strict-return -masm-verbose -munwind-tables -target-cpu penryn -target-linker-version 351.8 -v -dwarf-column-info -debug-info-kind=standalone -dwarf-version=4 -debugger-tuning=lldb -resource-dir /Applications/Xcode.app/Contents/Developer/Toolchains/XcodeDefault.xctoolchain/usr/lib/clang/9.1.0 -O2 -fdebug-compilation-dir /Users/dbauer/Physics/DiagHam -ferror-limit 19 -fmessage-length 0 -stack-protector 1 -fblocks -fobjc-runtime=macosx-10.13.0 -fencode-extended-block-signature -fmax-type-align=16 -fdiagnostics-show-option -vectorize-loops -vectorize-slp -o /var/folders/99/h2y6qwy16wz265420jwgcp1m0000gn/T/conftest-7da25c.o -x c conftest.c
clang -cc1 version 9.1.0 (clang-902.0.39.2) default target x86_64-apple-darwin17.6.0
#include "..." search starts here:
#include <...> search starts here:
 /usr/local/include
 /Applications/Xcode.app/Contents/Developer/Toolchains/XcodeDefault.xctoolchain/usr/lib/clang/9.1.0/include
 /Applications/Xcode.app/Contents/Developer/Toolchains/XcodeDefault.xctoolchain/usr/include
 /usr/include
 /System/Library/Frameworks (framework directory)
 /Library/Frameworks (framework directory)
End of search list.
 "/Applications/Xcode.app/Contents/Developer/Toolchains/XcodeDefault.xctoolchain/usr/bin/ld" -demangle -lto_library /Applications/Xcode.app/Contents/Developer/Toolchains/XcodeDefault.xctoolchain/usr/lib/libLTO.dylib -dynamic -arch x86_64 -force_flat_namespace -flat_namespace -macosx_version_min 10.13.0 -o conftest -L/opt/local/lib -L/opt/local/Library/Frameworks/Python.framework/Versions/3.5/lib -lc++ -lboost_python3-mt -lpython3.5 /var/folders/99/h2y6qwy16wz265420jwgcp1m0000gn/T/conftest-7da25c.o -lpthread -lSystem /Applications/Xcode.app/Contents/Developer/Toolchains/XcodeDefault.xctoolchain/usr/lib/clang/9.1.0/lib/darwin/libclang_rt.osx.a
 "/Applications/Xcode.app/Contents/Developer/Toolchains/XcodeDefault.xctoolchain/usr/bin/dsymutil" -o conftest.dSYM conftest
configure:4603: $? = 0
configure:4612: result: yes
configure:4627: checking how to run the C preprocessor
configure:4658: gcc -E  conftest.c
configure:4658: $? = 0
configure:4672: gcc -E  conftest.c
conftest.c:11:10: fatal error: 'ac_nonexistent.h' file not found
#include <ac_nonexistent.h>
         ^~~~~~~~~~~~~~~~~~
1 error generated.
configure:4672: $? = 1
configure: failed program was:
| /* confdefs.h */
| #define PACKAGE_NAME "DiagHam"
| #define PACKAGE_TARNAME "diagham"
| #define PACKAGE_VERSION "0.01"
| #define PACKAGE_STRING "DiagHam 0.01"
| #define PACKAGE_BUGREPORT ""
| #define PACKAGE_URL ""
| #define PACKAGE "diagham"
| #define VERSION "0.01"
| /* end confdefs.h.  */
| #include <ac_nonexistent.h>
configure:4697: result: gcc -E
configure:4717: gcc -E  conftest.c
configure:4717: $? = 0
configure:4731: gcc -E  conftest.c
conftest.c:11:10: fatal error: 'ac_nonexistent.h' file not found
#include <ac_nonexistent.h>
         ^~~~~~~~~~~~~~~~~~
1 error generated.
configure:4731: $? = 1
configure: failed program was:
| /* confdefs.h */
| #define PACKAGE_NAME "DiagHam"
| #define PACKAGE_TARNAME "diagham"
| #define PACKAGE_VERSION "0.01"
| #define PACKAGE_STRING "DiagHam 0.01"
| #define PACKAGE_BUGREPORT ""
| #define PACKAGE_URL ""
| #define PACKAGE "diagham"
| #define VERSION "0.01"
| /* end confdefs.h.  */
| #include <ac_nonexistent.h>
configure:4760: checking for grep that handles long lines and -e
configure:4818: result: /usr/bin/grep
configure:4823: checking for egrep
configure:4885: result: /usr/bin/grep -E
configure:4890: checking for ANSI C header files
configure:4910: gcc -c -g -O2  conftest.c >&5
configure:4910: $? = 0
configure:4983: gcc -o conftest -g -O2  -L/opt/local/lib -L/opt/local/Library/Frameworks/Python.framework/Versions/3.5/lib -flat_namespace -force_flat_namespace -lstdc++ -lboost_python3-mt -lpython3.5 -v conftest.c  >&5
Apple LLVM version 9.1.0 (clang-902.0.39.2)
Target: x86_64-apple-darwin17.6.0
Thread model: posix
InstalledDir: /Applications/Xcode.app/Contents/Developer/Toolchains/XcodeDefault.xctoolchain/usr/bin
 "/Applications/Xcode.app/Contents/Developer/Toolchains/XcodeDefault.xctoolchain/usr/bin/clang" -cc1 -triple x86_64-apple-macosx10.13.0 -Wdeprecated-objc-isa-usage -Werror=deprecated-objc-isa-usage -emit-obj -disable-free -disable-llvm-verifier -discard-value-names -main-file-name conftest.c -mrelocation-model pic -pic-level 2 -mthread-model posix -mdisable-fp-elim -fno-strict-return -masm-verbose -munwind-tables -target-cpu penryn -target-linker-version 351.8 -v -dwarf-column-info -debug-info-kind=standalone -dwarf-version=4 -debugger-tuning=lldb -resource-dir /Applications/Xcode.app/Contents/Developer/Toolchains/XcodeDefault.xctoolchain/usr/lib/clang/9.1.0 -O2 -fdebug-compilation-dir /Users/dbauer/Physics/DiagHam -ferror-limit 19 -fmessage-length 0 -stack-protector 1 -fblocks -fobjc-runtime=macosx-10.13.0 -fencode-extended-block-signature -fmax-type-align=16 -fdiagnostics-show-option -vectorize-loops -vectorize-slp -o /var/folders/99/h2y6qwy16wz265420jwgcp1m0000gn/T/conftest-62c919.o -x c conftest.c
clang -cc1 version 9.1.0 (clang-902.0.39.2) default target x86_64-apple-darwin17.6.0
#include "..." search starts here:
#include <...> search starts here:
 /usr/local/include
 /Applications/Xcode.app/Contents/Developer/Toolchains/XcodeDefault.xctoolchain/usr/lib/clang/9.1.0/include
 /Applications/Xcode.app/Contents/Developer/Toolchains/XcodeDefault.xctoolchain/usr/include
 /usr/include
 /System/Library/Frameworks (framework directory)
 /Library/Frameworks (framework directory)
End of search list.
 "/Applications/Xcode.app/Contents/Developer/Toolchains/XcodeDefault.xctoolchain/usr/bin/ld" -demangle -lto_library /Applications/Xcode.app/Contents/Developer/Toolchains/XcodeDefault.xctoolchain/usr/lib/libLTO.dylib -dynamic -arch x86_64 -force_flat_namespace -flat_namespace -macosx_version_min 10.13.0 -o conftest -L/opt/local/lib -L/opt/local/Library/Frameworks/Python.framework/Versions/3.5/lib -lc++ -lboost_python3-mt -lpython3.5 /var/folders/99/h2y6qwy16wz265420jwgcp1m0000gn/T/conftest-62c919.o -lSystem /Applications/Xcode.app/Contents/Developer/Toolchains/XcodeDefault.xctoolchain/usr/lib/clang/9.1.0/lib/darwin/libclang_rt.osx.a
 "/Applications/Xcode.app/Contents/Developer/Toolchains/XcodeDefault.xctoolchain/usr/bin/dsymutil" -o conftest.dSYM conftest
configure:4983: $? = 0
configure:4983: ./conftest
configure:4983: $? = 0
configure:4994: result: yes
configure:5007: checking for sys/types.h
configure:5007: gcc -c -g -O2  conftest.c >&5
configure:5007: $? = 0
configure:5007: result: yes
configure:5007: checking for sys/stat.h
configure:5007: gcc -c -g -O2  conftest.c >&5
configure:5007: $? = 0
configure:5007: result: yes
configure:5007: checking for stdlib.h
configure:5007: gcc -c -g -O2  conftest.c >&5
configure:5007: $? = 0
configure:5007: result: yes
configure:5007: checking for string.h
configure:5007: gcc -c -g -O2  conftest.c >&5
configure:5007: $? = 0
configure:5007: result: yes
configure:5007: checking for memory.h
configure:5007: gcc -c -g -O2  conftest.c >&5
configure:5007: $? = 0
configure:5007: result: yes
configure:5007: checking for strings.h
configure:5007: gcc -c -g -O2  conftest.c >&5
configure:5007: $? = 0
configure:5007: result: yes
configure:5007: checking for inttypes.h
configure:5007: gcc -c -g -O2  conftest.c >&5
configure:5007: $? = 0
configure:5007: result: yes
configure:5007: checking for stdint.h
configure:5007: gcc -c -g -O2  conftest.c >&5
configure:5007: $? = 0
configure:5007: result: yes
configure:5007: checking for unistd.h
configure:5007: gcc -c -g -O2  conftest.c >&5
configure:5007: $? = 0
configure:5007: result: yes
configure:5021: checking sys/time.h usability
configure:5021: gcc -c -g -O2  conftest.c >&5
configure:5021: $? = 0
configure:5021: result: yes
configure:5021: checking sys/time.h presence
configure:5021: gcc -E  conftest.c
configure:5021: $? = 0
configure:5021: result: yes
configure:5021: checking for sys/time.h
configure:5021: result: yes
configure:5038: checking for an ANSI C-conforming const
configure:5104: gcc -c -g -O2  conftest.c >&5
configure:5104: $? = 0
configure:5111: result: yes
configure:5134: checking user-defined BLAS libraries
configure:5136: result: -lopenblas -lgslcblas
configure:5149: checking user-defined LAPACK libraries
configure:5151: result: -llapack -lf2c
configure:5201: checking whether we are using LAPACK
configure:5203: result: yes
configure:5495: checking for main in -lf2c
configure:5514: gcc -o conftest -g -O2  -L/opt/local/lib -L/opt/local/Library/Frameworks/Python.framework/Versions/3.5/lib -flat_namespace -force_flat_namespace -lstdc++ -lboost_python3-mt -lpython3.5 -v conftest.c -lf2c   >&5
Apple LLVM version 9.1.0 (clang-902.0.39.2)
Target: x86_64-apple-darwin17.6.0
Thread model: posix
InstalledDir: /Applications/Xcode.app/Contents/Developer/Toolchains/XcodeDefault.xctoolchain/usr/bin
 "/Applications/Xcode.app/Contents/Developer/Toolchains/XcodeDefault.xctoolchain/usr/bin/clang" -cc1 -triple x86_64-apple-macosx10.13.0 -Wdeprecated-objc-isa-usage -Werror=deprecated-objc-isa-usage -emit-obj -disable-free -disable-llvm-verifier -discard-value-names -main-file-name conftest.c -mrelocation-model pic -pic-level 2 -mthread-model posix -mdisable-fp-elim -fno-strict-return -masm-verbose -munwind-tables -target-cpu penryn -target-linker-version 351.8 -v -dwarf-column-info -debug-info-kind=standalone -dwarf-version=4 -debugger-tuning=lldb -resource-dir /Applications/Xcode.app/Contents/Developer/Toolchains/XcodeDefault.xctoolchain/usr/lib/clang/9.1.0 -O2 -fdebug-compilation-dir /Users/dbauer/Physics/DiagHam -ferror-limit 19 -fmessage-length 0 -stack-protector 1 -fblocks -fobjc-runtime=macosx-10.13.0 -fencode-extended-block-signature -fmax-type-align=16 -fdiagnostics-show-option -vectorize-loops -vectorize-slp -o /var/folders/99/h2y6qwy16wz265420jwgcp1m0000gn/T/conftest-944c5e.o -x c conftest.c
clang -cc1 version 9.1.0 (clang-902.0.39.2) default target x86_64-apple-darwin17.6.0
#include "..." search starts here:
#include <...> search starts here:
 /usr/local/include
 /Applications/Xcode.app/Contents/Developer/Toolchains/XcodeDefault.xctoolchain/usr/lib/clang/9.1.0/include
 /Applications/Xcode.app/Contents/Developer/Toolchains/XcodeDefault.xctoolchain/usr/include
 /usr/include
 /System/Library/Frameworks (framework directory)
 /Library/Frameworks (framework directory)
End of search list.
 "/Applications/Xcode.app/Contents/Developer/Toolchains/XcodeDefault.xctoolchain/usr/bin/ld" -demangle -lto_library /Applications/Xcode.app/Contents/Developer/Toolchains/XcodeDefault.xctoolchain/usr/lib/libLTO.dylib -dynamic -arch x86_64 -force_flat_namespace -flat_namespace -macosx_version_min 10.13.0 -o conftest -L/opt/local/lib -L/opt/local/Library/Frameworks/Python.framework/Versions/3.5/lib -lc++ -lboost_python3-mt -lpython3.5 /var/folders/99/h2y6qwy16wz265420jwgcp1m0000gn/T/conftest-944c5e.o -lf2c -lSystem /Applications/Xcode.app/Contents/Developer/Toolchains/XcodeDefault.xctoolchain/usr/lib/clang/9.1.0/lib/darwin/libclang_rt.osx.a
 "/Applications/Xcode.app/Contents/Developer/Toolchains/XcodeDefault.xctoolchain/usr/bin/dsymutil" -o conftest.dSYM conftest
configure:5514: $? = 0
configure:5523: result: yes
configure:5622: checking whether we are using only LAPACK routines
configure:5624: result: no
configure:5643: checking whether we are using gsl library
configure:5645: result: no
configure:5724: checking whether we are using bz2 library
configure:5726: result: no
configure:5786: checking whether we are using gmp library
configure:5788: result: no
configure:5867: checking whether we are using fftw library
configure:5869: result: no
configure:5991: checking whether we are using MPI
configure:5993: result: no
configure:6130: checking whether we are using SCALAPACK
configure:6132: result: no
configure:6529: checking whether we are using INTEL-MKL
configure:6531: result: no
configure:6645: gcc -o conftest -g -O2  -L/opt/local/lib -L/opt/local/Library/Frameworks/Python.framework/Versions/3.5/lib -flat_namespace -force_flat_namespace -lstdc++ -lboost_python3-mt -lpython3.5 -v conftest.c  >&5
Apple LLVM version 9.1.0 (clang-902.0.39.2)
Target: x86_64-apple-darwin17.6.0
Thread model: posix
InstalledDir: /Applications/Xcode.app/Contents/Developer/Toolchains/XcodeDefault.xctoolchain/usr/bin
 "/Applications/Xcode.app/Contents/Developer/Toolchains/XcodeDefault.xctoolchain/usr/bin/clang" -cc1 -triple x86_64-apple-macosx10.13.0 -Wdeprecated-objc-isa-usage -Werror=deprecated-objc-isa-usage -emit-obj -disable-free -disable-llvm-verifier -discard-value-names -main-file-name conftest.c -mrelocation-model pic -pic-level 2 -mthread-model posix -mdisable-fp-elim -fno-strict-return -masm-verbose -munwind-tables -target-cpu penryn -target-linker-version 351.8 -v -dwarf-column-info -debug-info-kind=standalone -dwarf-version=4 -debugger-tuning=lldb -resource-dir /Applications/Xcode.app/Contents/Developer/Toolchains/XcodeDefault.xctoolchain/usr/lib/clang/9.1.0 -O2 -fdebug-compilation-dir /Users/dbauer/Physics/DiagHam -ferror-limit 19 -fmessage-length 0 -stack-protector 1 -fblocks -fobjc-runtime=macosx-10.13.0 -fencode-extended-block-signature -fmax-type-align=16 -fdiagnostics-show-option -vectorize-loops -vectorize-slp -o /var/folders/99/h2y6qwy16wz265420jwgcp1m0000gn/T/conftest-681b8b.o -x c conftest.c
clang -cc1 version 9.1.0 (clang-902.0.39.2) default target x86_64-apple-darwin17.6.0
#include "..." search starts here:
#include <...> search starts here:
 /usr/local/include
 /Applications/Xcode.app/Contents/Developer/Toolchains/XcodeDefault.xctoolchain/usr/lib/clang/9.1.0/include
 /Applications/Xcode.app/Contents/Developer/Toolchains/XcodeDefault.xctoolchain/usr/include
 /usr/include
 /System/Library/Frameworks (framework directory)
 /Library/Frameworks (framework directory)
End of search list.
 "/Applications/Xcode.app/Contents/Developer/Toolchains/XcodeDefault.xctoolchain/usr/bin/ld" -demangle -lto_library /Applications/Xcode.app/Contents/Developer/Toolchains/XcodeDefault.xctoolchain/usr/lib/libLTO.dylib -dynamic -arch x86_64 -force_flat_namespace -flat_namespace -macosx_version_min 10.13.0 -o conftest -L/opt/local/lib -L/opt/local/Library/Frameworks/Python.framework/Versions/3.5/lib -lc++ -lboost_python3-mt -lpython3.5 /var/folders/99/h2y6qwy16wz265420jwgcp1m0000gn/T/conftest-681b8b.o -lSystem /Applications/Xcode.app/Contents/Developer/Toolchains/XcodeDefault.xctoolchain/usr/lib/clang/9.1.0/lib/darwin/libclang_rt.osx.a
 "/Applications/Xcode.app/Contents/Developer/Toolchains/XcodeDefault.xctoolchain/usr/bin/dsymutil" -o conftest.dSYM conftest
configure:6645: $? = 0
configure:6645: ./conftest
configure:6645: $? = 1
configure: program exited with status 1
configure: failed program was:
| /* confdefs.h */
| #define PACKAGE_NAME "DiagHam"
| #define PACKAGE_TARNAME "diagham"
| #define PACKAGE_VERSION "0.01"
| #define PACKAGE_STRING "DiagHam 0.01"
| #define PACKAGE_BUGREPORT ""
| #define PACKAGE_URL ""
| #define PACKAGE "diagham"
| #define VERSION "0.01"
| #define STDC_HEADERS 1
| #define HAVE_SYS_TYPES_H 1
| #define HAVE_SYS_STAT_H 1
| #define HAVE_STDLIB_H 1
| #define HAVE_STRING_H 1
| #define HAVE_MEMORY_H 1
| #define HAVE_STRINGS_H 1
| #define HAVE_INTTYPES_H 1
| #define HAVE_STDINT_H 1
| #define HAVE_UNISTD_H 1
| #define HAVE_SYS_TIME_H 1
| #define HAVE_LAPACK /**/
| /* end confdefs.h.  */
| 
| int main()
| {
| 	short s = 1;
| 	short* ptr = &s;
| 	unsigned char c = *((char*)ptr);
| 	return c;
| }
| 
| 
| 
configure:6663: checking environment for CXXFLAGS
configure:6667: result: -O3 -Wall -I/opt/local/include -I/opt/local/Library/Frameworks/Python.framework/Headers -I/usr/include
configure:6698: checking whether we are using debug mode
configure:6700: result: no
configure:6703: checking whether we are using profile mode
configure:6705: result: no
configure:6719: checking whether we are forcing -m64 mode
configure:6721: result: no
configure:6779: checking whether we are compiling the quantum dot package
configure:6781: result: no
configure:6784: checking whether we are compiling the spin system package
configure:6786: result: no
configure:6789: checking whether we are compiling the fractional quantum Hall effect package
configure:6791: result: yes
configure:6794: checking whether we are compiling the fractional topological insulator package
configure:6796: result: yes
configure:6982: checking that generated files are newer than configure
configure:6988: result: done
configure:7027: creating ./config.status

## ---------------------- ##
## Running config.status. ##
## ---------------------- ##

This file was extended by DiagHam config.status 0.01, which was
generated by GNU Autoconf 2.69.  Invocation command line was

  CONFIG_FILES    = 
  CONFIG_HEADERS  = 
  CONFIG_LINKS    = 
  CONFIG_COMMANDS = 
  $ ./config.status 

on allatar.local

config.status:988: creating Makefile
config.status:988: creating src/Makefile
config.status:988: creating src/Programs/Makefile
config.status:988: creating src/Architecture/Makefile
config.status:988: creating src/Architecture/ArchitectureOperation/Makefile
config.status:988: creating src/FunctionBasis/Makefile
config.status:988: creating src/Tensor/Makefile
config.status:988: creating src/QuantumNumber/Makefile
config.status:988: creating src/Interaction/Makefile
config.status:988: creating src/Interaction/InternalInteraction/Makefile
config.status:988: creating src/HilbertSpace/Makefile
config.status:988: creating src/HilbertSpace/DMRGHilbertSpace/Makefile
config.status:988: creating src/HilbertSpace/ManyBodyHilbertSpace/Makefile
config.status:988: creating src/Output/Makefile
config.status:988: creating src/GeneralTools/Makefile
config.status:988: creating src/Vector/Makefile
config.status:988: creating src/Polynomial/Makefile
config.status:988: creating src/Matrix/Makefile
config.status:988: creating src/MCObservables/Makefile
config.status:988: creating src/LanczosAlgorithm/Makefile
config.status:988: creating src/Hamiltonian/Makefile
config.status:988: creating src/Hamiltonian/DMRGHamiltonian/Makefile
config.status:988: creating src/TensorProduct/Makefile
config.status:988: creating src/DMRGAlgorithm/Makefile
config.status:988: creating src/Operator/Makefile
config.status:988: creating src/MathTools/Makefile
config.status:988: creating src/MathTools/NumericalAnalysis/Makefile
config.status:988: creating src/MathTools/RandomNumber/Makefile
config.status:988: creating src/Options/Makefile
config.status:988: creating src/Tools/Makefile
config.status:988: creating src/MainTask/Makefile
config.status:988: creating src/Architecture/ClusterArchitecture/Makefile
config.status:988: creating src/MPSObjects/Makefile
config.status:988: creating Base/Makefile
config.status:988: creating Base/src/Makefile
config.status:988: creating Base/src/BitmapTools/Makefile
config.status:988: creating Base/src/BitmapTools/Color/Makefile
config.status:988: creating Base/src/BitmapTools/BitmapPicture/Makefile
config.status:988: creating QuantumDots/Makefile
config.status:988: creating QuantumDots/src/Makefile
config.status:988: creating QuantumDots/src/Tools/Makefile
config.status:988: creating QuantumDots/src/HilbertSpace/Makefile
config.status:988: creating QuantumDots/src/Hamiltonian/Makefile
config.status:988: creating QuantumDots/src/Tools/Spectra/Makefile
config.status:988: creating QuantumDots/src/Tools/Potential/Makefile
config.status:988: creating QuantumDots/src/Tools/Analysis/Makefile
config.status:988: creating QuantumDots/src/Programs/Makefile
config.status:988: creating FQHE/Makefile
config.status:988: creating FQHE/src/Makefile
config.status:988: creating FQHE/src/Architecture/Makefile
config.status:988: creating FQHE/src/Tools/Makefile
config.status:988: creating FQHE/src/Programs/Makefile
config.status:988: creating FQHE/src/Programs/FQHEOnSphere/Makefile
config.status:988: creating FQHE/src/Programs/FQHEOnDisk/Makefile
config.status:988: creating FQHE/src/Programs/FQHEOnTorus/Makefile
config.status:988: creating FQHE/src/Programs/FQHEOnLattice/Makefile
config.status:988: creating FQHE/src/Architecture/ArchitectureOperation/Makefile
config.status:988: creating FQHE/src/FunctionBasis/Makefile
config.status:988: creating FQHE/src/QuantumNumber/Makefile
config.status:988: creating FQHE/src/HilbertSpace/Makefile
config.status:988: creating FQHE/src/Hamiltonian/Makefile
config.status:988: creating FQHE/src/MainTask/Makefile
config.status:988: creating FQHE/src/Tools/FQHEWaveFunction/Makefile
config.status:988: creating FQHE/src/Tools/FQHEMonteCarlo/Makefile
config.status:988: creating FQHE/src/Tools/FQHEMPS/Makefile
config.status:988: creating FQHE/src/Tools/FQHESpectrum/Makefile
config.status:988: creating FQHE/src/Tools/FQHEFiles/Makefile
config.status:988: creating FQHE/src/Operator/Makefile
config.status:988: creating Spin/Makefile
config.status:988: creating Spin/src/Makefile
config.status:988: creating Spin/src/MPSObjects/Makefile
config.status:988: creating Spin/src/Architecture/Makefile
config.status:988: creating Spin/src/Programs/Makefile
config.status:988: creating Spin/src/Architecture/ArchitectureOperation/Makefile
config.status:988: creating Spin/src/HilbertSpace/Makefile
config.status:988: creating Spin/src/Hamiltonian/Makefile
config.status:988: creating Spin/src/Operator/Makefile
config.status:988: creating Spin/src/Tools/Makefile
config.status:988: creating Spin/src/Tools/SpinFiles/Makefile
config.status:988: creating FTI/Makefile
config.status:988: creating FTI/src/Makefile
config.status:988: creating FTI/src/Architecture/Makefile
config.status:988: creating FTI/src/Architecture/ArchitectureOperation/Makefile
config.status:988: creating FTI/src/HilbertSpace/Makefile
config.status:988: creating FTI/src/Hamiltonian/Makefile
config.status:988: creating FTI/src/Tools/Makefile
config.status:988: creating FTI/src/Operator/Makefile
config.status:988: creating FTI/src/Tools/FTITightBinding/Makefile
config.status:988: creating FTI/src/Tools/FTIFiles/Makefile
config.status:988: creating FTI/src/Programs/Makefile
config.status:988: creating FTI/src/Programs/FCI/Makefile
config.status:988: creating FTI/src/Programs/FTI/Makefile
config.status:988: creating FTI/src/Programs/HubbardModels/Makefile
config.status:988: creating src/config_ac.h
config.status:1169: src/config_ac.h is unchanged
config.status:1217: executing depfiles commands

## ---------------- ##
## Cache variables. ##
## ---------------- ##

ac_cv_c_compiler_gnu=yes
ac_cv_c_const=yes
ac_cv_cxx_compiler_gnu=yes
ac_cv_env_CCC_set=
ac_cv_env_CCC_value=
ac_cv_env_CC_set=
ac_cv_env_CC_value=
ac_cv_env_CFLAGS_set=
ac_cv_env_CFLAGS_value=
ac_cv_env_CPPFLAGS_set=
ac_cv_env_CPPFLAGS_value=
ac_cv_env_CPP_set=
ac_cv_env_CPP_value=
ac_cv_env_CXXFLAGS_set=set
ac_cv_env_CXXFLAGS_value='-O3 -Wall -I/opt/local/include -I/opt/local/Library/Frameworks/Python.framework/Headers -I/usr/include'
ac_cv_env_CXX_set=set
ac_cv_env_CXX_value=clang++
ac_cv_env_F77_set=
ac_cv_env_F77_value=
ac_cv_env_FCFLAGS_set=
ac_cv_env_FCFLAGS_value=
ac_cv_env_FC_set=
ac_cv_env_FC_value=
ac_cv_env_FFLAGS_set=
ac_cv_env_FFLAGS_value=
ac_cv_env_LDFLAGS_set=set
ac_cv_env_LDFLAGS_value='-L/opt/local/lib -L/opt/local/Library/Frameworks/Python.framework/Versions/3.5/lib -flat_namespace -force_flat_namespace -lstdc++ -lboost_python3-mt -lpython3.5 -v'
ac_cv_env_LIBS_set=
ac_cv_env_LIBS_value=
ac_cv_env_build_alias_set=
ac_cv_env_build_alias_value=
ac_cv_env_host_alias_set=
ac_cv_env_host_alias_value=
ac_cv_env_target_alias_set=
ac_cv_env_target_alias_value=
ac_cv_header_inttypes_h=yes
ac_cv_header_memory_h=yes
ac_cv_header_stdc=yes
ac_cv_header_stdint_h=yes
ac_cv_header_stdlib_h=yes
ac_cv_header_string_h=yes
ac_cv_header_strings_h=yes
ac_cv_header_sys_stat_h=yes
ac_cv_header_sys_time_h=yes
ac_cv_header_sys_types_h=yes
ac_cv_header_unistd_h=yes
ac_cv_lib_f2c_main=yes
ac_cv_lib_m_cos=yes
ac_cv_lib_pthread_pthread_create=yes
ac_cv_objext=o
ac_cv_path_EGREP='/usr/bin/grep -E'
ac_cv_path_GREP=/usr/bin/grep
ac_cv_path_install='/usr/bin/install -c'
ac_cv_path_mkdir=/opt/local/bin/gmkdir
ac_cv_prog_AWK=gawk
ac_cv_prog_CPP='gcc -E'
ac_cv_prog_ac_ct_CC=gcc
ac_cv_prog_ac_ct_RANLIB=ranlib
ac_cv_prog_cc_c89=
ac_cv_prog_cc_g=yes
ac_cv_prog_cxx_g=yes
ac_cv_prog_make_make_set=yes
am_cv_CC_dependencies_compiler_type=gcc3
am_cv_CXX_dependencies_compiler_type=gcc3
am_cv_make_support_nested_variables=yes
am_cv_prog_cc_c_o=yes

## ----------------- ##
## Output variables. ##
## ----------------- ##

ACLOCAL='aclocal-1.15'
AMDEPBACKSLASH='\'
AMDEP_FALSE='#'
AMDEP_TRUE=''
AMTAR='$${TAR-tar}'
AM_BACKSLASH='\'
AM_CPPFLAGS='-I$(top_srcdir)/src -I$(top_srcdir)/Base/src -I$(top_srcdir)/FQHE/src -I$(top_srcdir)/FTI/src'
AM_DEFAULT_V='$(AM_DEFAULT_VERBOSITY)'
AM_DEFAULT_VERBOSITY='1'
AM_V='$(V)'
AUTOCONF='autoconf'
AUTOHEADER='autoheader'
AUTOMAKE='automake-1.15'
AWK='gawk'
BLAS_LIBDIR=''
BLAS_LIBS='-lopenblas -lgslcblas'
BUILD_LAPACK_FALSE='#'
BUILD_LAPACK_TRUE=''
BUILD_MPI_FALSE=''
BUILD_MPI_TRUE='#'
BUILD_SCALAPACK_FALSE=''
BUILD_SCALAPACK_TRUE='#'
BZ2_LIBS=''
CC='gcc'
CCDEPMODE='depmode=gcc3'
CFLAGS='-g -O2'
CPP='gcc -E'
CPPFLAGS=''
CXX='clang++'
CXXDEPMODE='depmode=gcc3'
CXXFLAGS='-O3 -Wall -I/opt/local/include -I/opt/local/Library/Frameworks/Python.framework/Headers -I/usr/include'
CYGPATH_W='echo'
DEFS='-DHAVE_CONFIG_H'
DEPDIR='.deps'
ECHO_C='\c'
ECHO_N=''
ECHO_T=''
EGREP='/usr/bin/grep -E'
EXEEXT=''
F77=''
FC=''
FCFLAGS=''
FFLAGS=''
FFTW_LIBS=''
FORTRAN2C_LIBS='-lf2c'
GMP_LIBS=''
GREP='/usr/bin/grep'
GSL_LIBS=''
INSTALL_DATA='${INSTALL} -m 644'
INSTALL_PROGRAM='${INSTALL}'
INSTALL_SCRIPT='${INSTALL}'
INSTALL_STRIP_PROGRAM='$(install_sh) -c -s'
INTELMKL_LIBS=''
LAPACK_LIBDIR=''
LAPACK_LIBS='-llapack -lf2c'
LDFLAGS='-L/opt/local/lib -L/opt/local/Library/Frameworks/Python.framework/Versions/3.5/lib -flat_namespace -force_flat_namespace -lstdc++ -lboost_python3-mt -lpython3.5 -v'
LIBOBJS=''
LIBS=''
LTLIBOBJS=''
MAKEINFO='makeinfo'
MATH_LIBS='-lm'
MAYBE_FQHE='FQHE'
MAYBE_FTI='FTI'
MAYBE_QUANTUMDOTS=''
MAYBE_SPIN=''
MKDIR_P='/opt/local/bin/gmkdir -p'
MPI_CXX_EXISTS=''
OBJEXT='o'
PACKAGE='diagham'
PACKAGE_BUGREPORT=''
PACKAGE_NAME='DiagHam'
PACKAGE_STRING='DiagHam 0.01'
PACKAGE_TARNAME='diagham'
PACKAGE_URL=''
PACKAGE_VERSION='0.01'
PATH_SEPARATOR=':'
RANLIB='ranlib'
SCALAPACK_LIBDIR=''
SCALAPACK_LIBS=''
SET_MAKE=''
SHELL='/bin/sh'
STRIP=''
THREAD_LIBS='-lpthread'
VERSION='0.01'
ac_ct_CC='gcc'
ac_ct_CXX=''
ac_ct_F77=''
ac_ct_FC=''
am__EXEEXT_FALSE=''
am__EXEEXT_TRUE='#'
am__fastdepCC_FALSE='#'
am__fastdepCC_TRUE=''
am__fastdepCXX_FALSE='#'
am__fastdepCXX_TRUE=''
am__include='include'
am__isrc=''
am__leading_dot='.'
am__nodep='_no'
am__quote=''
am__tar='$${TAR-tar} chof - "$$tardir"'
am__untar='$${TAR-tar} xf -'
bindir='${exec_prefix}/bin'
build_alias=''
datadir='${datarootdir}'
datarootdir='${prefix}/share'
docdir='${datarootdir}/doc/${PACKAGE_TARNAME}'
dvidir='${docdir}'
exec_prefix='${prefix}'
host_alias=''
htmldir='${docdir}'
includedir='${prefix}/include'
infodir='${datarootdir}/info'
install_sh='${SHELL} /Users/dbauer/Physics/DiagHam/install-sh'
libdir='${exec_prefix}/lib'
libexecdir='${exec_prefix}/libexec'
localedir='${datarootdir}/locale'
localstatedir='${prefix}/var'
mandir='${datarootdir}/man'
mkdir_p='$(MKDIR_P)'
oldincludedir='/usr/include'
pdfdir='${docdir}'
prefix='/usr/local'
program_transform_name='s,x,x,'
psdir='${docdir}'
sbindir='${exec_prefix}/sbin'
sharedstatedir='${prefix}/com'
sysconfdir='${prefix}/etc'
target_alias=''

## ----------- ##
## confdefs.h. ##
## ----------- ##

/* confdefs.h */
#define PACKAGE_NAME "DiagHam"
#define PACKAGE_TARNAME "diagham"
#define PACKAGE_VERSION "0.01"
#define PACKAGE_STRING "DiagHam 0.01"
#define PACKAGE_BUGREPORT ""
#define PACKAGE_URL ""
#define PACKAGE "diagham"
#define VERSION "0.01"
#define STDC_HEADERS 1
#define HAVE_SYS_TYPES_H 1
#define HAVE_SYS_STAT_H 1
#define HAVE_STDLIB_H 1
#define HAVE_STRING_H 1
#define HAVE_MEMORY_H 1
#define HAVE_STRINGS_H 1
#define HAVE_INTTYPES_H 1
#define HAVE_STDINT_H 1
#define HAVE_UNISTD_H 1
#define HAVE_SYS_TIME_H 1
#define HAVE_LAPACK /**/
#define HAVE_LITTLEENDIAN /**/
#define HAVE_FTI /**/

configure: exit 0
